# JRE version: OpenJDK Runtime Environment (8.0_152-b01) (build 1.8.0_152-release-915-b01)
# Java VM: OpenJDK 64-Bit Server VM (25.152-b01 mixed mode windows-amd64 compressed oops)
Heap:
 PSYoungGen      total 281600K, used 150492K [0x00000000e0000000, 0x00000000f5100000, 0x0000000100000000)
  eden space 264704K, 50% used [0x00000000e0000000,0x00000000e82d50e8,0x00000000f0280000)
  from space 16896K, 97% used [0x00000000f2980000,0x00000000f39a22f0,0x00000000f3a00000)
  to   space 23552K, 0% used [0x00000000f3a00000,0x00000000f3a00000,0x00000000f5100000)
 ParOldGen       total 121856K, used 72566K [0x00000000a0000000, 0x00000000a7700000, 0x00000000e0000000)
  object space 121856K, 59% used [0x00000000a0000000,0x00000000a46ddae0,0x00000000a7700000)
 Metaspace       used 87614K, capacity 95920K, committed 96000K, reserved 1132544K
  class space    used 11217K, capacity 13043K, committed 13056K, reserved 1048576K
GC Heap History (10 events):
Event: 9508.582 GC heap before
{Heap before GC invocations=24 (full 3):
 PSYoungGen      total 342528K, used 342240K [0x00000000e0000000, 0x00000000f9200000, 0x0000000100000000)
  eden space 325632K, 100% used [0x00000000e0000000,0x00000000f3e00000,0x00000000f3e00000)
  from space 16896K, 98% used [0x00000000f8180000,0x00000000f91b8270,0x00000000f9200000)
  to   space 32256K, 0% used [0x00000000f5300000,0x00000000f5300000,0x00000000f7280000)
 ParOldGen       total 121856K, used 63816K [0x00000000a0000000, 0x00000000a7700000, 0x00000000e0000000)
  object space 121856K, 52% used [0x00000000a0000000,0x00000000a3e52150,0x00000000a7700000)
 Metaspace       used 85389K, capacity 91662K, committed 91904K, reserved 1128448K
  class space    used 10862K, capacity 12255K, committed 12288K, reserved 1048576K
Event: 9508.614 GC heap after
Heap after GC invocations=24 (full 3):
 PSYoungGen      total 335872K, used 23218K [0x00000000e0000000, 0x00000000f8200000, 0x0000000100000000)
  eden space 312320K, 0% used [0x00000000e0000000,0x00000000e0000000,0x00000000f3100000)
  from space 23552K, 98% used [0x00000000f5300000,0x00000000f69ac900,0x00000000f6a00000)
  to   space 24576K, 0% used [0x00000000f6a00000,0x00000000f6a00000,0x00000000f8200000)
 ParOldGen       total 121856K, used 63816K [0x00000000a0000000, 0x00000000a7700000, 0x00000000e0000000)
  object space 121856K, 52% used [0x00000000a0000000,0x00000000a3e52150,0x00000000a7700000)
 Metaspace       used 85389K, capacity 91662K, committed 91904K, reserved 1128448K
  class space    used 10862K, capacity 12255K, committed 12288K, reserved 1048576K
}
Event: 9755.889 GC heap before
{Heap before GC invocations=25 (full 3):
 PSYoungGen      total 335872K, used 335538K [0x00000000e0000000, 0x00000000f8200000, 0x0000000100000000)
  eden space 312320K, 100% used [0x00000000e0000000,0x00000000f3100000,0x00000000f3100000)
  from space 23552K, 98% used [0x00000000f5300000,0x00000000f69ac900,0x00000000f6a00000)
  to   space 24576K, 0% used [0x00000000f6a00000,0x00000000f6a00000,0x00000000f8200000)
 ParOldGen       total 121856K, used 63816K [0x00000000a0000000, 0x00000000a7700000, 0x00000000e0000000)
  object space 121856K, 52% used [0x00000000a0000000,0x00000000a3e52150,0x00000000a7700000)
 Metaspace       used 85775K, capacity 92480K, committed 92544K, reserved 1130496K
  class space    used 10925K, capacity 12410K, committed 12416K, reserved 1048576K
Event: 9755.934 GC heap after
Heap after GC invocations=25 (full 3):
 PSYoungGen      total 320512K, used 20596K [0x00000000e0000000, 0x00000000f7e80000, 0x0000000100000000)
  eden space 299520K, 0% used [0x00000000e0000000,0x00000000e0000000,0x00000000f2480000)
  from space 20992K, 98% used [0x00000000f6a00000,0x00000000f7e1d110,0x00000000f7e80000)
  to   space 32768K, 0% used [0x00000000f3e80000,0x00000000f3e80000,0x00000000f5e80000)
 ParOldGen       total 121856K, used 63824K [0x00000000a0000000, 0x00000000a7700000, 0x00000000e0000000)
  object space 121856K, 52% used [0x00000000a0000000,0x00000000a3e54150,0x00000000a7700000)
 Metaspace       used 85775K, capacity 92480K, committed 92544K, reserved 1130496K
  class space    used 10925K, capacity 12410K, committed 12416K, reserved 1048576K
}
Event: 9888.697 GC heap before
{Heap before GC invocations=26 (full 3):
 PSYoungGen      total 320512K, used 320116K [0x00000000e0000000, 0x00000000f7e80000, 0x0000000100000000)
  eden space 299520K, 100% used [0x00000000e0000000,0x00000000f2480000,0x00000000f2480000)
  from space 20992K, 98% used [0x00000000f6a00000,0x00000000f7e1d110,0x00000000f7e80000)
  to   space 32768K, 0% used [0x00000000f3e80000,0x00000000f3e80000,0x00000000f5e80000)
 ParOldGen       total 121856K, used 63824K [0x00000000a0000000, 0x00000000a7700000, 0x00000000e0000000)
  object space 121856K, 52% used [0x00000000a0000000,0x00000000a3e54150,0x00000000a7700000)
 Metaspace       used 86675K, capacity 94414K, committed 94464K, reserved 1130496K
  class space    used 11093K, capacity 12761K, committed 12800K, reserved 1048576K
Event: 9888.751 GC heap after
Heap after GC invocations=26 (full 3):
 PSYoungGen      total 305664K, used 18082K [0x00000000e0000000, 0x00000000f6a80000, 0x0000000100000000)
  eden space 287232K, 0% used [0x00000000e0000000,0x00000000e0000000,0x00000000f1880000)
  from space 18432K, 98% used [0x00000000f3e80000,0x00000000f5028ab0,0x00000000f5080000)
  to   space 26624K, 0% used [0x00000000f5080000,0x00000000f5080000,0x00000000f6a80000)
 ParOldGen       total 121856K, used 63832K [0x00000000a0000000, 0x00000000a7700000, 0x00000000e0000000)
  object space 121856K, 52% used [0x00000000a0000000,0x00000000a3e56150,0x00000000a7700000)
 Metaspace       used 86675K, capacity 94414K, committed 94464K, reserved 1130496K
  class space    used 11093K, capacity 12761K, committed 12800K, reserved 1048576K
}
Event: 11285.334 GC heap before
{Heap before GC invocations=27 (full 3):
 PSYoungGen      total 305664K, used 305314K [0x00000000e0000000, 0x00000000f6a80000, 0x0000000100000000)
  eden space 287232K, 100% used [0x00000000e0000000,0x00000000f1880000,0x00000000f1880000)
  from space 18432K, 98% used [0x00000000f3e80000,0x00000000f5028ab0,0x00000000f5080000)
  to   space 26624K, 0% used [0x00000000f5080000,0x00000000f5080000,0x00000000f6a80000)
 ParOldGen       total 121856K, used 63832K [0x00000000a0000000, 0x00000000a7700000, 0x00000000e0000000)
  object space 121856K, 52% used [0x00000000a0000000,0x00000000a3e56150,0x00000000a7700000)
 Metaspace       used 86926K, capacity 94942K, committed 95104K, reserved 1132544K
  class space    used 11124K, capacity 12837K, committed 12928K, reserved 1048576K
Event: 11285.396 GC heap after
Heap after GC invocations=27 (full 3):
 PSYoungGen      total 302080K, used 26610K [0x00000000e0000000, 0x00000000f6a80000, 0x0000000100000000)
  eden space 275456K, 0% used [0x00000000e0000000,0x00000000e0000000,0x00000000f0d00000)
  from space 26624K, 99% used [0x00000000f5080000,0x00000000f6a7c9e0,0x00000000f6a80000)
  to   space 33280K, 0% used [0x00000000f2980000,0x00000000f2980000,0x00000000f4a00000)
 ParOldGen       total 121856K, used 64289K [0x00000000a0000000, 0x00000000a7700000, 0x00000000e0000000)
  object space 121856K, 52% used [0x00000000a0000000,0x00000000a3ec86e8,0x00000000a7700000)
 Metaspace       used 86926K, capacity 94942K, committed 95104K, reserved 1132544K
  class space    used 11124K, capacity 12837K, committed 12928K, reserved 1048576K
}
Event: 11290.505 GC heap before
{Heap before GC invocations=28 (full 3):
 PSYoungGen      total 302080K, used 301897K [0x00000000e0000000, 0x00000000f6a80000, 0x0000000100000000)
  eden space 275456K, 99% used [0x00000000e0000000,0x00000000f0cd5d38,0x00000000f0d00000)
  from space 26624K, 99% used [0x00000000f5080000,0x00000000f6a7c9e0,0x00000000f6a80000)
  to   space 33280K, 0% used [0x00000000f2980000,0x00000000f2980000,0x00000000f4a00000)
 ParOldGen       total 121856K, used 64289K [0x00000000a0000000, 0x00000000a7700000, 0x00000000e0000000)
  object space 121856K, 52% used [0x00000000a0000000,0x00000000a3ec86e8,0x00000000a7700000)
 Metaspace       used 87073K, capacity 95142K, committed 95360K, reserved 1132544K
  class space    used 11125K, capacity 12837K, committed 12928K, reserved 1048576K
Event: 11290.581 GC heap after
Heap after GC invocations=28 (full 3):
 PSYoungGen      total 281600K, used 16520K [0x00000000e0000000, 0x00000000f5100000, 0x0000000100000000)
  eden space 264704K, 0% used [0x00000000e0000000,0x00000000e0000000,0x00000000f0280000)
  from space 16896K, 97% used [0x00000000f2980000,0x00000000f39a22f0,0x00000000f3a00000)
  to   space 23552K, 0% used [0x00000000f3a00000,0x00000000f3a00000,0x00000000f5100000)
 ParOldGen       total 121856K, used 72566K [0x00000000a0000000, 0x00000000a7700000, 0x00000000e0000000)
  object space 121856K, 59% used [0x00000000a0000000,0x00000000a46ddae0,0x00000000a7700000)
 Metaspace       used 87073K, capacity 95142K, committed 95360K, reserved 1132544K
  class space    used 11125K, capacity 12837K, committed 12928K, reserved 1048576K
}

